<?xml version="1.0" encoding="UTF-8"?>
<!-- Generated by org.testng.reporters.JUnitReportReporter -->
<testsuite skipped="0" hostname="logesh" name="com.crm.qa.testcases.LoginPageTest" tests="3" failures="0" timestamp="31 Dec 2018 12:28:15 GMT" time="117.450" errors="0">
  <testcase name="validateLoginPageTitleTest" time="19.680" classname="com.crm.qa.testcases.LoginPageTest"/>
  <testcase name="validateCRMlogoTest" time="30.793" classname="com.crm.qa.testcases.LoginPageTest"/>
  <testcase name="LoginTest" time="66.977" classname="com.crm.qa.testcases.LoginPageTest"/>
</testsuite> <!-- com.crm.qa.testcases.LoginPageTest -->
