<?xml version="1.0" encoding="UTF-8"?>
<!-- Generated by org.testng.reporters.JUnitReportReporter -->
<testsuite skipped="0" hostname="logesh" name="com.crm.qa.testcases.HomePageTest" tests="3" failures="0" timestamp="31 Dec 2018 12:28:15 GMT" time="148.035" errors="0">
  <testcase name="validateHomePageTitleTest" time="51.271" classname="com.crm.qa.testcases.HomePageTest"/>
  <testcase name="validateUserNameTest" time="48.855" classname="com.crm.qa.testcases.HomePageTest"/>
  <testcase name="verifyContactsLinkTest" time="47.909" classname="com.crm.qa.testcases.HomePageTest"/>
</testsuite> <!-- com.crm.qa.testcases.HomePageTest -->
